worker : 1	port num : 32
kv_num : 260000000
data size : 7.28GB
port base : 8033

 ** average runtime : 17067839
-------------------------------
worker : 4	port num : 32
kv_num : 260000000
data size : 7.28GB
port base : 8033

 ** average runtime : 5870687
-------------------------------
worker : 8	port num : 32
kv_num : 260000000
data size : 7.28GB
port base : 8033

 ** average runtime : 5865917
-------------------------------
worker : 12	port num : 32
kv_num : 260000000
data size : 7.28GB
port base : 8033

 ** average runtime : 4175348
-------------------------------
worker : 16	port num : 32
kv_num : 260000000
data size : 7.28GB
port base : 8033

 ** average runtime : 4025678
-------------------------------
worker : 20	port num : 32
kv_num : 260000000
data size : 7.28GB
port base : 8033

 ** average runtime : 3581875
-------------------------------
worker : 24	port num : 32
kv_num : 260000000
data size : 7.28GB
port base : 8033

 ** average runtime : 1497744
-------------------------------
worker : 28	port num : 32
kv_num : 260000000
data size : 7.28GB
port base : 8033

 ** average runtime : 3565230
-------------------------------
worker : 32	port num : 32
kv_num : 260000000
data size : 7.28GB
port base : 8033

 ** average runtime : 4509951
-------------------------------
worker : 36	port num : 32
kv_num : 260000000
data size : 7.28GB
port base : 8033

 ** average runtime : 4097746
-------------------------------
worker : 40	port num : 32
kv_num : 260000000
data size : 7.28GB
port base : 8033

 ** average runtime : 2982234
-------------------------------
worker : 44	port num : 32
kv_num : 260000000
data size : 7.28GB
port base : 8033

 ** average runtime : 2711350
-------------------------------
worker : 48	port num : 32
kv_num : 260000000
data size : 7.28GB
port base : 8033

 ** average runtime : 2977266
-------------------------------
worker : 52	port num : 32
kv_num : 260000000
data size : 7.28GB
port base : 8033

 ** average runtime : 3036659
-------------------------------
worker : 56	port num : 32
kv_num : 260000000
data size : 7.28GB
port base : 8033

 ** average runtime : 3161648
-------------------------------
worker : 60	port num : 32
kv_num : 260000000
data size : 7.28GB
port base : 8033

 ** average runtime : 3106052
-------------------------------
worker : 64	port num : 32
kv_num : 260000000
data size : 7.28GB
port base : 8033

 ** average runtime : 3010642
-------------------------------
