worker : 1	port num : 24
kv_num : 260000000
data size : 7.28GB
port base : 8033

 ** average runtime : 19783002
-------------------------------
worker : 4	port num : 24
kv_num : 260000000
data size : 7.28GB
port base : 8033

 ** average runtime : 4558544
-------------------------------
worker : 8	port num : 24
kv_num : 260000000
data size : 7.28GB
port base : 8033

 ** average runtime : 5730461
-------------------------------
worker : 12	port num : 24
kv_num : 260000000
data size : 7.28GB
port base : 8033

 ** average runtime : 4144553
-------------------------------
worker : 16	port num : 24
kv_num : 260000000
data size : 7.28GB
port base : 8033

 ** average runtime : 4903823
-------------------------------
worker : 20	port num : 24
kv_num : 260000000
data size : 7.28GB
port base : 8033

 ** average runtime : 1730954
-------------------------------
worker : 24	port num : 24
kv_num : 260000000
data size : 7.28GB
port base : 8033

 ** average runtime : 2963521
-------------------------------
worker : 28	port num : 24
kv_num : 260000000
data size : 7.28GB
port base : 8033

 ** average runtime : 3735870
-------------------------------
worker : 32	port num : 24
kv_num : 260000000
data size : 7.28GB
port base : 8033

 ** average runtime : 5130390
-------------------------------
worker : 36	port num : 24
kv_num : 260000000
data size : 7.28GB
port base : 8033

 ** average runtime : 3718906
-------------------------------
worker : 40	port num : 24
kv_num : 260000000
data size : 7.28GB
port base : 8033

 ** average runtime : 4671964
-------------------------------
worker : 44	port num : 24
kv_num : 260000000
data size : 7.28GB
port base : 8033

 ** average runtime : 3665426
-------------------------------
worker : 48	port num : 24
kv_num : 260000000
data size : 7.28GB
port base : 8033

 ** average runtime : 3298032
-------------------------------
worker : 52	port num : 24
kv_num : 260000000
data size : 7.28GB
port base : 8033

 ** average runtime : 2359271
-------------------------------
worker : 56	port num : 24
kv_num : 260000000
data size : 7.28GB
port base : 8033

 ** average runtime : 2906743
-------------------------------
worker : 60	port num : 24
kv_num : 260000000
data size : 7.28GB
port base : 8033

 ** average runtime : 2436797
-------------------------------
worker : 64	port num : 24
kv_num : 260000000
data size : 7.28GB
port base : 8033

 ** average runtime : 2894867
-------------------------------
