worker : 1	port num : 40
kv_num : 260000000
data size : 29.12GB
port base : 8033
round 4 end,g_count 259980000
round 3 end,g_count 259980000
round 2 end,g_count 259980000
round 1 end,g_count 259980000

 ** average runtime : 121339669
-------------------------------
worker : 8	port num : 40
kv_num : 260000000
data size : 29.12GB
port base : 8033
round 4 end,g_count 259980000
round 3 end,g_count 259980000
round 2 end,g_count 259980000
round 1 end,g_count 259980000

 ** average runtime : 34350710
-------------------------------
worker : 16	port num : 40
kv_num : 260000000
data size : 29.12GB
port base : 8033
round 4 end,g_count 259980000
round 3 end,g_count 259980000
round 2 end,g_count 259980000
round 1 end,g_count 259980000

 ** average runtime : 36200219
-------------------------------
worker : 24	port num : 40
kv_num : 260000000
data size : 29.12GB
port base : 8033
round 4 end,g_count 259980000
round 3 end,g_count 259980000
round 2 end,g_count 259980000
round 1 end,g_count 259980000

 ** average runtime : 31191537
-------------------------------
worker : 32	port num : 40
kv_num : 260000000
data size : 29.12GB
port base : 8033
round 4 end,g_count 259980000
round 3 end,g_count 259980000
round 2 end,g_count 259980000
round 1 end,g_count 259980000

 ** average runtime : 29059005
-------------------------------
worker : 40	port num : 40
kv_num : 260000000
data size : 29.12GB
port base : 8033
round 4 end,g_count 259980000
round 3 end,g_count 259980000
round 2 end,g_count 259980000
round 1 end,g_count 259980000

 ** average runtime : 26804955
-------------------------------
worker : 48	port num : 40
kv_num : 260000000
data size : 29.12GB
port base : 8033
round 4 end,g_count 259980000
round 3 end,g_count 259980000
round 2 end,g_count 259980000
round 1 end,g_count 259980000

 ** average runtime : 26921623
-------------------------------
worker : 56	port num : 40
kv_num : 260000000
data size : 29.12GB
port base : 8033
round 4 end,g_count 259980000
round 3 end,g_count 259980000
round 2 end,g_count 259980000
round 1 end,g_count 259980000

 ** average runtime : 29458553
-------------------------------
worker : 64	port num : 40
kv_num : 260000000
data size : 29.12GB
port base : 8033
round 4 end,g_count 259980000
round 3 end,g_count 259980000
round 2 end,g_count 259980000
round 1 end,g_count 259980000

 ** average runtime : 28140387
-------------------------------
