worker : 1	port num : 48
kv_num : 260000000
data size : 29.12GB
port base : 8033
round 4 end,g_count 259992000
round 3 end,g_count 259992000
round 2 end,g_count 259992000
round 1 end,g_count 259992000

 ** average runtime : 112784726
-------------------------------
worker : 8	port num : 48
kv_num : 260000000
data size : 29.12GB
port base : 8033
round 4 end,g_count 259992000
round 3 end,g_count 259992000
round 2 end,g_count 259992000
round 1 end,g_count 259992000

 ** average runtime : 42825443
-------------------------------
worker : 16	port num : 48
kv_num : 260000000
data size : 29.12GB
port base : 8033
round 4 end,g_count 259992000
round 3 end,g_count 259992000
round 2 end,g_count 259992000
round 1 end,g_count 259992000

 ** average runtime : 30745271
-------------------------------
worker : 24	port num : 48
kv_num : 260000000
data size : 29.12GB
port base : 8033
round 4 end,g_count 259992000
round 3 end,g_count 259992000
round 2 end,g_count 259992000
round 1 end,g_count 259992000

 ** average runtime : 27484801
-------------------------------
worker : 32	port num : 48
kv_num : 260000000
data size : 29.12GB
port base : 8033
round 4 end,g_count 259992000
round 3 end,g_count 259992000
round 2 end,g_count 259992000
round 1 end,g_count 259992000

 ** average runtime : 24122493
-------------------------------
worker : 40	port num : 48
kv_num : 260000000
data size : 29.12GB
port base : 8033
round 4 end,g_count 259992000
round 3 end,g_count 259992000
round 2 end,g_count 259992000
round 1 end,g_count 259992000

 ** average runtime : 24399964
-------------------------------
worker : 48	port num : 48
kv_num : 260000000
data size : 29.12GB
port base : 8033
round 4 end,g_count 259992000
round 3 end,g_count 259992000
round 2 end,g_count 259992000
round 1 end,g_count 259992000

 ** average runtime : 22432952
-------------------------------
worker : 56	port num : 48
kv_num : 260000000
data size : 29.12GB
port base : 8033
round 4 end,g_count 259992000
round 3 end,g_count 259992000
round 2 end,g_count 259992000
round 1 end,g_count 259992000

 ** average runtime : 24560371
-------------------------------
worker : 64	port num : 48
kv_num : 260000000
data size : 29.12GB
port base : 8033
round 4 end,g_count 259992000
round 3 end,g_count 259992000
round 2 end,g_count 259992000
round 1 end,g_count 259992000

 ** average runtime : 23564795
-------------------------------
