worker : 1	port num : 60
kv_num : 260000000
data size : 29.12GB
port base : 8033

 ** average runtime : 53717450
-------------------------------
worker : 4	port num : 60
kv_num : 260000000
data size : 29.12GB
port base : 8033

 ** average runtime : 13582811
-------------------------------
worker : 8	port num : 60
kv_num : 260000000
data size : 29.12GB
port base : 8033

 ** average runtime : 9785000
-------------------------------
worker : 12	port num : 60
kv_num : 260000000
data size : 29.12GB
port base : 8033

 ** average runtime : 7459758
-------------------------------
worker : 16	port num : 60
kv_num : 260000000
data size : 29.12GB
port base : 8033

 ** average runtime : 7147878
-------------------------------
worker : 20	port num : 60
kv_num : 260000000
data size : 29.12GB
port base : 8033

 ** average runtime : 4898871
-------------------------------
worker : 24	port num : 60
kv_num : 260000000
data size : 29.12GB
port base : 8033

 ** average runtime : 4629484
-------------------------------
worker : 28	port num : 60
kv_num : 260000000
data size : 29.12GB
port base : 8033

 ** average runtime : 5190527
-------------------------------
worker : 32	port num : 60
kv_num : 260000000
data size : 29.12GB
port base : 8033

 ** average runtime : 4886666
-------------------------------
worker : 36	port num : 60
kv_num : 260000000
data size : 29.12GB
port base : 8033

 ** average runtime : 4597403
-------------------------------
worker : 40	port num : 60
kv_num : 260000000
data size : 29.12GB
port base : 8033

 ** average runtime : 4301903
-------------------------------
worker : 44	port num : 60
kv_num : 260000000
data size : 29.12GB
port base : 8033

 ** average runtime : 4809137
-------------------------------
worker : 48	port num : 60
kv_num : 260000000
data size : 29.12GB
port base : 8033

 ** average runtime : 4569783
-------------------------------
worker : 52	port num : 60
kv_num : 260000000
data size : 29.12GB
port base : 8033

 ** average runtime : 4482224
-------------------------------
worker : 56	port num : 60
kv_num : 260000000
data size : 29.12GB
port base : 8033

 ** average runtime : 4486323
-------------------------------
worker : 60	port num : 60
kv_num : 260000000
data size : 29.12GB
port base : 8033

 ** average runtime : 4691752
-------------------------------
worker : 64	port num : 60
kv_num : 260000000
data size : 29.12GB
port base : 8033

 ** average runtime : 4209066
-------------------------------
